<?xml version="1.0" encoding="UTF-8"?>
<!-- Generated by org.testng.reporters.JUnitReportReporter -->
<testsuite skipped="0" hostname="DESKTOP-RRG8RSC" name="com.netBanking.TestCases.TC_LoginTest_001" tests="1" failures="0" timestamp="2020-07-19T11:50:01 IST" time="27.376" errors="0">
  <testcase name="LoginTest" time="27.376" classname="com.netBanking.TestCases.TC_LoginTest_001"/>
  <system-out/>
</testsuite> <!-- com.netBanking.TestCases.TC_LoginTest_001 -->
